
SQL*Loader: Release 11.2.0.3.0 - Production on Thu Feb 7 14:15:08 2019

Copyright (c) 1982, 2011, Oracle and/or its affiliates.  All rights reserved.

Control File:   settlement.ctl
Data File:      dragonsettlements.csv
  Bad File:     settlements.bad
  Discard File:  none specified
 
 (Allow all discards)

Number to load: ALL
Number to skip: 0
Errors allowed: 50
Bind array:     64 rows, maximum of 256000 bytes
Continuation:    none specified
Path used:      Conventional

Table SETTLEMENTS, loaded from every logical record.
Insert option in effect for this table: REPLACE
TRAILING NULLCOLS option in effect

   Column Name                  Position   Len  Term Encl Datatype
------------------------------ ---------- ----- ---- ---- ---------------------
SETTLEMENT_ID                       FIRST     *   ,  O(") CHARACTER            
NAME                                 NEXT     *   ,  O(") CHARACTER            

Record 1: Rejected - Error on table SETTLEMENTS, column SETTLEMENT_ID.
ORA-01722: invalid number


Table SETTLEMENTS:
  20 Rows successfully loaded.
  1 Row not loaded due to data errors.
  0 Rows not loaded because all WHEN clauses were failed.
  0 Rows not loaded because all fields were null.


Space allocated for bind array:                  33024 bytes(64 rows)
Read   buffer bytes: 1048576

Total logical records skipped:          0
Total logical records read:            21
Total logical records rejected:         1
Total logical records discarded:        0

Run began on Thu Feb 07 14:15:08 2019
Run ended on Thu Feb 07 14:15:14 2019

Elapsed time was:     00:00:05.72
CPU time was:         00:00:00.04
